<?xml version="1.0" encoding="UTF-8" ?>
<testsuites>
  <testsuite errors="0" failures="0" hostname="Macintosh-2.local" id="0" name="JumperTest" package="" skipped="0" tests="11" time="0.126" timestamp="2014-08-07T02:35:44">
      <properties>
[...]
</properties>

      <testcase classname="JumperTest" name="testCanMove1" time="0.102" />

      <testcase classname="JumperTest" name="testCanMove2" time="0.0" />

      <testcase classname="JumperTest" name="testCanMov3" time="0.0" />

      <testcase classname="JumperTest" name="testCanMov4" time="0.0" />

      <testcase classname="JumperTest" name="testCanMov5" time="0.001" />

      <testcase classname="JumperTest" name="testCanMov6" time="0.0" />

      <testcase classname="JumperTest" name="testFlower" time="0.0" />

      <testcase classname="JumperTest" name="testOtherActor" time="0.0" />

      <testcase classname="JumperTest" name="testOtherActor2" time="0.0" />

      <testcase classname="JumperTest" name="testMove" time="0.0" />

      <testcase classname="JumperTest" name="testMove2" time="0.0" />

      <system-out><![CDATA[]]></system-out>

      <system-err><![CDATA[]]></system-err>

  </testsuite>
</testsuites>
